
START - automation started - Thu Apr 17 2025 23:00:41 GMT-0300 (Hora oficial do Brasil)

LIVE MODE - type done to quit
 [RPA][STARTED]
[RPA][0] - listening for inputs
[RPA][1] - https://br.advfn.com/ferramentas-de-investimento/monitor
[RPA][1] - listening for inputs
[RPA][2] - exist_result = exist('//*[@id="afnmainbodid"]/div[1]/div[2]/div[2]/div/form/div[2]/input').toString()
[RPA][2] - listening for inputs
[RPA][3] - dump exist_result to rpa_python.txt
[RPA][3] - listening for inputs
[RPA][4] - type //*[@id="afnmainbodid"]/div[1]/div[2]/div[2]/div/form/div[2]/input as lucktat2
[RPA][4] - listening for inputs
[RPA][5] - exist_result = exist('//*[@id="password-input"]').toString()
[RPA][5] - listening for inputs
[RPA][6] - dump exist_result to rpa_python.txt
[RPA][6] - listening for inputs
[RPA][7] - type //*[@id="password-input"] as Teste1234[enter]
[RPA][7] - listening for inputs
[RPA][8] - exist_result = exist('//*[@id="monitor-selector"]/div/ul/li[2]/button').toString()
[RPA][8] - listening for inputs
[RPA][9] - dump exist_result to rpa_python.txt
[RPA][9] - listening for inputs
